<?xml version="1.0" encoding="UTF-8"?>
<testng-results skipped="0" failed="0" ignored="0" total="2" passed="2">
  <reporter-output>
  </reporter-output>
  <suite name="Page Object Model with PageFactory" duration-ms="3653" started-at="2016-12-14T08:32:24Z" finished-at="2016-12-14T08:32:28Z">
    <groups>
    </groups>
    <test name="Login With Email" duration-ms="3653" started-at="2016-12-14T08:32:24Z" finished-at="2016-12-14T08:32:28Z">
      <class name="testcases.care.CareLoginTest">
        <test-method status="PASS" signature="setUp()[pri:0, instance:testcases.care.CareLoginTest@770d3326]" name="setUp" is-config="true" duration-ms="14021" started-at="2016-12-14T14:02:10Z" finished-at="2016-12-14T14:02:24Z">
          <reporter-output>
          </reporter-output>
        </test-method> <!-- setUp -->
        <test-method status="PASS" signature="init()[pri:0, instance:testcases.care.CareLoginTest@770d3326]" name="init" is-config="true" duration-ms="149" started-at="2016-12-14T14:02:24Z" finished-at="2016-12-14T14:02:25Z">
          <reporter-output>
          </reporter-output>
        </test-method> <!-- init -->
        <test-method status="PASS" signature="validateButtons()[pri:1, instance:testcases.care.CareLoginTest@770d3326]" name="validateButtons" duration-ms="2057" started-at="2016-12-14T14:02:25Z" finished-at="2016-12-14T14:02:27Z">
          <reporter-output>
          </reporter-output>
        </test-method> <!-- validateButtons -->
        <test-method status="PASS" signature="signUpEmailandSelectACareGiver(java.lang.String)[pri:2, instance:testcases.care.CareLoginTest@770d3326]" name="signUpEmailandSelectACareGiver" duration-ms="1413" started-at="2016-12-14T14:02:27Z" data-provider="getData" finished-at="2016-12-14T14:02:28Z">
          <params>
            <param index="0">
              <value>
                <![CDATA[I AM LOOKING FOR]]>
              </value>
            </param>
          </params>
          <reporter-output>
          </reporter-output>
        </test-method> <!-- signUpEmailandSelectACareGiver -->
        <test-method status="PASS" signature="tearDown()[pri:0, instance:testcases.care.CareLoginTest@770d3326]" name="tearDown" is-config="true" duration-ms="4782" started-at="2016-12-14T14:02:28Z" finished-at="2016-12-14T14:02:33Z">
          <reporter-output>
          </reporter-output>
        </test-method> <!-- tearDown -->
      </class> <!-- testcases.care.CareLoginTest -->
    </test> <!-- Login With Email -->
  </suite> <!-- Page Object Model with PageFactory -->
</testng-results>
