<?xml version="1.0" encoding="UTF-8"?>
<testng-results skipped="0" failed="0" total="2" passed="2">
  <reporter-output>
  </reporter-output>
  <suite name="Learning Testng" duration-ms="21415" started-at="2016-10-22T16:54:09Z" finished-at="2016-10-22T16:54:30Z">
    <groups>
    </groups>
    <test name="Login Test" duration-ms="16539" started-at="2016-10-22T16:54:09Z" finished-at="2016-10-22T16:54:25Z">
      <class name="testcases.LoginTest">
        <test-method status="PASS" signature="doLogin()[pri:0, instance:testcases.LoginTest@4678c730]" name="doLogin" duration-ms="16517" started-at="2016-10-22T22:24:09Z" finished-at="2016-10-22T22:24:25Z">
          <reporter-output>
          </reporter-output>
        </test-method> <!-- doLogin -->
      </class> <!-- testcases.LoginTest -->
    </test> <!-- Login Test -->
    <test name="Upload Photo Test" duration-ms="4567" started-at="2016-10-22T16:54:26Z" finished-at="2016-10-22T16:54:30Z">
      <class name="testcases.UploadPhotoTest">
        <test-method status="PASS" signature="uploadPhoto()[pri:0, instance:testcases.UploadPhotoTest@5e5792a0]" name="uploadPhoto" duration-ms="4567" started-at="2016-10-22T22:24:26Z" finished-at="2016-10-22T22:24:30Z">
          <reporter-output>
          </reporter-output>
        </test-method> <!-- uploadPhoto -->
      </class> <!-- testcases.UploadPhotoTest -->
    </test> <!-- Upload Photo Test -->
  </suite> <!-- Learning Testng -->
</testng-results>
